
> @app/web@0.1.0 build C:\dev\vipra-sethu\apps\web
> next build

  ▲ Next.js 14.2.5
  - Environments: .env.local

   Creating an optimized production build ...
 ⚠ Compiled with warnings

../../node_modules/.pnpm/@opentelemetry+instrumentation@0.204.0_@opentelemetry+api@1.9.0/node_modules/@opentelemetry/instrumentation/build/esm/platform/node/instrumentation.js
Critical dependency: the request of a dependency is an expression

Import trace for requested module:
../../node_modules/.pnpm/@opentelemetry+instrumentation@0.204.0_@opentelemetry+api@1.9.0/node_modules/@opentelemetry/instrumentation/build/esm/platform/node/instrumentation.js
../../node_modules/.pnpm/@opentelemetry+instrumentation@0.204.0_@opentelemetry+api@1.9.0/node_modules/@opentelemetry/instrumentation/build/esm/platform/node/index.js
../../node_modules/.pnpm/@opentelemetry+instrumentation@0.204.0_@opentelemetry+api@1.9.0/node_modules/@opentelemetry/instrumentation/build/esm/platform/index.js
../../node_modules/.pnpm/@opentelemetry+instrumentation@0.204.0_@opentelemetry+api@1.9.0/node_modules/@opentelemetry/instrumentation/build/esm/index.js
../../node_modules/.pnpm/@sentry+node@10.22.0/node_modules/@sentry/node/build/cjs/integrations/tracing/postgresjs.js
../../node_modules/.pnpm/@sentry+node@10.22.0/node_modules/@sentry/node/build/cjs/index.js
   Linting and checking validity of types ...
../../node_modules/.pnpm/@sentry+nextjs@10.22.0_@opentelemetry+context-async-hooks@2.2.0_@opentelemetry+api@1.9.0__@op_ccl66pnthbxhhykidefxspbpfi/node_modules/@sentry/nextjs/build/cjs/index.server.js
./app/test-sentry/page.tsx

../../node_modules/.pnpm/require-in-the-middle@7.5.2/node_modules/require-in-the-middle/index.js
Critical dependency: require function is used in a way in which dependencies cannot be statically extracted

Import trace for requested module:
../../node_modules/.pnpm/require-in-the-middle@7.5.2/node_modules/require-in-the-middle/index.js
../../node_modules/.pnpm/@opentelemetry+instrumentation@0.204.0_@opentelemetry+api@1.9.0/node_modules/@opentelemetry/instrumentation/build/esm/platform/node/instrumentation.js
../../node_modules/.pnpm/@opentelemetry+instrumentation@0.204.0_@opentelemetry+api@1.9.0/node_modules/@opentelemetry/instrumentation/build/esm/platform/node/index.js
../../node_modules/.pnpm/@opentelemetry+instrumentation@0.204.0_@opentelemetry+api@1.9.0/node_modules/@opentelemetry/instrumentation/build/esm/platform/index.js
../../node_modules/.pnpm/@opentelemetry+instrumentation@0.204.0_@opentelemetry+api@1.9.0/node_modules/@opentelemetry/instrumentation/build/esm/index.js
../../node_modules/.pnpm/@sentry+node@10.22.0/node_modules/@sentry/node/build/cjs/integrations/tracing/postgresjs.js
../../node_modules/.pnpm/@sentry+node@10.22.0/node_modules/@sentry/node/build/cjs/index.js
../../node_modules/.pnpm/@sentry+nextjs@10.22.0_@opentelemetry+context-async-hooks@2.2.0_@opentelemetry+api@1.9.0__@op_ccl66pnthbxhhykidefxspbpfi/node_modules/@sentry/nextjs/build/cjs/index.server.js
./app/test-sentry/page.tsx

../../node_modules/.pnpm/@opentelemetry+instrumentation@0.204.0_@opentelemetry+api@1.9.0/node_modules/@opentelemetry/instrumentation/build/esm/platform/node/instrumentation.js
Critical dependency: the request of a dependency is an expression

Import trace for requested module:
../../node_modules/.pnpm/@opentelemetry+instrumentation@0.204.0_@opentelemetry+api@1.9.0/node_modules/@opentelemetry/instrumentation/build/esm/platform/node/instrumentation.js
../../node_modules/.pnpm/@opentelemetry+instrumentation@0.204.0_@opentelemetry+api@1.9.0/node_modules/@opentelemetry/instrumentation/build/esm/platform/node/index.js
../../node_modules/.pnpm/@opentelemetry+instrumentation@0.204.0_@opentelemetry+api@1.9.0/node_modules/@opentelemetry/instrumentation/build/esm/platform/index.js
../../node_modules/.pnpm/@opentelemetry+instrumentation@0.204.0_@opentelemetry+api@1.9.0/node_modules/@opentelemetry/instrumentation/build/esm/index.js
../../node_modules/.pnpm/@sentry+node@10.22.0/node_modules/@sentry/node/build/cjs/integrations/tracing/postgresjs.js
../../node_modules/.pnpm/@sentry+node@10.22.0/node_modules/@sentry/node/build/cjs/index.js
../../node_modules/.pnpm/@sentry+nextjs@10.22.0_@opentelemetry+context-async-hooks@2.2.0_@opentelemetry+api@1.9.0__@op_ccl66pnthbxhhykidefxspbpfi/node_modules/@sentry/nextjs/build/cjs/index.server.js
./app/api/test-sentry-error/route.ts

../../node_modules/.pnpm/require-in-the-middle@7.5.2/node_modules/require-in-the-middle/index.js
Critical dependency: require function is used in a way in which dependencies cannot be statically extracted

Import trace for requested module:
../../node_modules/.pnpm/require-in-the-middle@7.5.2/node_modules/require-in-the-middle/index.js
../../node_modules/.pnpm/@opentelemetry+instrumentation@0.204.0_@opentelemetry+api@1.9.0/node_modules/@opentelemetry/instrumentation/build/esm/platform/node/instrumentation.js
../../node_modules/.pnpm/@opentelemetry+instrumentation@0.204.0_@opentelemetry+api@1.9.0/node_modules/@opentelemetry/instrumentation/build/esm/platform/node/index.js
../../node_modules/.pnpm/@opentelemetry+instrumentation@0.204.0_@opentelemetry+api@1.9.0/node_modules/@opentelemetry/instrumentation/build/esm/platform/index.js
../../node_modules/.pnpm/@opentelemetry+instrumentation@0.204.0_@opentelemetry+api@1.9.0/node_modules/@opentelemetry/instrumentation/build/esm/index.js
../../node_modules/.pnpm/@sentry+node@10.22.0/node_modules/@sentry/node/build/cjs/integrations/tracing/postgresjs.js
../../node_modules/.pnpm/@sentry+node@10.22.0/node_modules/@sentry/node/build/cjs/index.js
../../node_modules/.pnpm/@sentry+nextjs@10.22.0_@opentelemetry+context-async-hooks@2.2.0_@opentelemetry+api@1.9.0__@op_ccl66pnthbxhhykidefxspbpfi/node_modules/@sentry/nextjs/build/cjs/index.server.js
./app/api/test-sentry-error/route.ts

   Collecting page data ...
   Generating static pages (0/16) ...
   Generating static pages (4/16) 
   Generating static pages (8/16) 
   Generating static pages (12/16) 
 ✓ Generating static pages (16/16)
   Finalizing page optimization ...
   Collecting build traces ...

Route (app)                              Size     First Load JS
┌ ○ /                                    4.76 kB         159 kB
├ ○ /_not-found                          870 B            88 kB
├ ○ /about                               3.25 kB         104 kB
├ ○ /admin                               7 kB            154 kB
├ ○ /admin/mfa-setup                     4.92 kB         189 kB
├ ○ /admin/mfa-verify                    4.55 kB         188 kB
├ ƒ /api/onboard                         0 B                0 B
├ ƒ /api/test-sentry-error               0 B                0 B
├ ƒ /auth/callback                       0 B                0 B
├ ○ /login                               3.52 kB         135 kB
├ ○ /onboard                             28.8 kB         175 kB
├ ○ /providers                           6.59 kB         202 kB
├ ƒ /providers/[id]                      3.76 kB         199 kB
├ ○ /test-analytics                      3.17 kB         150 kB
└ ○ /test-sentry                         5.58 kB        99.5 kB
+ First Load JS shared by all            87.1 kB
  ├ chunks/81-cceeb4d4c6a6b58b.js        31.5 kB
  ├ chunks/8ac8a2ca-724a74d34c3c5c81.js  53.6 kB
  └ other shared chunks (total)          1.98 kB


ƒ Middleware                             56.7 kB

○  (Static)   prerendered as static content
ƒ  (Dynamic)  server-rendered on demand

